[debug] [2022-05-26T13:10:48.622Z] ----------------------------------------------------------------------
[debug] [2022-05-26T13:10:48.625Z] Command:       C:\Program Files\nodejs\node.exe C:\Users\tanve\AppData\Roaming\npm\node_modules\firebase-tools\lib\bin\firebase.js deploy
[debug] [2022-05-26T13:10:48.626Z] CLI Version:   10.6.0
[debug] [2022-05-26T13:10:48.626Z] Platform:      win32
[debug] [2022-05-26T13:10:48.626Z] Node Version:  v16.13.1
[debug] [2022-05-26T13:10:48.628Z] Time:          Thu May 26 2022 19:10:48 GMT+0600 (Bangladesh Standard Time)
[debug] [2022-05-26T13:10:48.628Z] ----------------------------------------------------------------------
[debug] 
[debug] [2022-05-26T13:10:48.755Z] > command requires scopes: ["email","openid","https://www.googleapis.com/auth/cloudplatformprojects.readonly","https://www.googleapis.com/auth/firebase","https://www.googleapis.com/auth/cloud-platform"]
[debug] [2022-05-26T13:10:48.756Z] > authorizing via signed-in user (tanvershikder96@gmail.com)
[debug] [2022-05-26T13:10:48.756Z] [iam] checking project ts-car-tools for permissions ["firebase.projects.get","firebasehosting.sites.update"]
[debug] [2022-05-26T13:10:48.759Z] >>> [apiv2][query] POST https://cloudresourcemanager.googleapis.com/v1/projects/ts-car-tools:testIamPermissions [none]
[debug] [2022-05-26T13:10:48.760Z] >>> [apiv2][body] POST https://cloudresourcemanager.googleapis.com/v1/projects/ts-car-tools:testIamPermissions {"permissions":["firebase.projects.get","firebasehosting.sites.update"]}
[debug] [2022-05-26T13:10:50.774Z] <<< [apiv2][status] POST https://cloudresourcemanager.googleapis.com/v1/projects/ts-car-tools:testIamPermissions 200
[debug] [2022-05-26T13:10:50.774Z] <<< [apiv2][body] POST https://cloudresourcemanager.googleapis.com/v1/projects/ts-car-tools:testIamPermissions {"permissions":["firebase.projects.get","firebasehosting.sites.update"]}
[debug] [2022-05-26T13:10:50.776Z] >>> [apiv2][query] GET https://firebase.googleapis.com/v1beta1/projects/ts-car-tools [none]
[debug] [2022-05-26T13:10:51.643Z] <<< [apiv2][status] GET https://firebase.googleapis.com/v1beta1/projects/ts-car-tools 200
[debug] [2022-05-26T13:10:51.643Z] <<< [apiv2][body] GET https://firebase.googleapis.com/v1beta1/projects/ts-car-tools {"projectId":"ts-car-tools","projectNumber":"655306354844","displayName":"ts-car-tools","name":"projects/ts-car-tools","resources":{"hostingSite":"ts-car-tools"},"state":"ACTIVE"}
[info] 
[info] === Deploying to 'ts-car-tools'...
[info] 
[info] i  deploying hosting 
[debug] [2022-05-26T13:11:07.185Z] >>> [apiv2][query] GET https://firebase.googleapis.com/v1beta1/projects/ts-car-tools [none]
[debug] [2022-05-26T13:11:08.324Z] <<< [apiv2][status] GET https://firebase.googleapis.com/v1beta1/projects/ts-car-tools 200
[debug] [2022-05-26T13:11:08.325Z] <<< [apiv2][body] GET https://firebase.googleapis.com/v1beta1/projects/ts-car-tools {"projectId":"ts-car-tools","projectNumber":"655306354844","displayName":"ts-car-tools","name":"projects/ts-car-tools","resources":{"hostingSite":"ts-car-tools"},"state":"ACTIVE"}
[debug] [2022-05-26T13:11:08.329Z] >>> [apiv2][query] POST https://firebasehosting.googleapis.com/v1beta1/projects/655306354844/sites/ts-car-tools/versions [none]
[debug] [2022-05-26T13:11:08.329Z] >>> [apiv2][body] POST https://firebasehosting.googleapis.com/v1beta1/projects/655306354844/sites/ts-car-tools/versions {"config":{"rewrites":[{"glob":"**","path":"/index.html"}]},"labels":{"deployment-tool":"cli-firebase"}}
